[debug] [2018-10-20T21:25:20.879Z] ----------------------------------------------------------------------
[debug] [2018-10-20T21:25:20.881Z] Command:       C:\Program Files\nodejs\node.exe C:\Users\HP\AppData\Roaming\npm\node_modules\firebase-tools\bin\firebase deploy --only functions
[debug] [2018-10-20T21:25:20.881Z] CLI Version:   5.0.1
[debug] [2018-10-20T21:25:20.881Z] Platform:      win32
[debug] [2018-10-20T21:25:20.881Z] Node Version:  v8.11.3
[debug] [2018-10-20T21:25:20.882Z] Time:          Sun Oct 21 2018 02:55:20 GMT+0530 (India Standard Time)
[debug] [2018-10-20T21:25:20.882Z] ----------------------------------------------------------------------
[debug] 
[debug] [2018-10-20T21:25:20.894Z] > command requires scopes: ["email","openid","https://www.googleapis.com/auth/cloudplatformprojects.readonly","https://www.googleapis.com/auth/firebase","https://www.googleapis.com/auth/cloud-platform"]
[debug] [2018-10-20T21:25:20.895Z] > authorizing via signed-in user
[debug] [2018-10-20T21:25:20.895Z] [iam] checking project hackathon-692e4 for permissions ["cloudfunctions.functions.create","cloudfunctions.functions.delete","cloudfunctions.functions.get","cloudfunctions.functions.list","cloudfunctions.functions.update","cloudfunctions.operations.get","firebase.projects.get"]
[debug] [2018-10-20T21:25:20.897Z] >>> HTTP REQUEST POST https://cloudresourcemanager.googleapis.com/v1/projects/hackathon-692e4:testIamPermissions  

[debug] [2018-10-20T21:25:23.023Z] <<< HTTP RESPONSE 200
[info] 
[info] === Deploying to 'hackathon-692e4'...
[info] 
[info] i  deploying functions
[info] Running command: npm --prefix "%RESOURCE_DIR%" run lint
[info] +  functions: Finished running predeploy script.
[debug] [2018-10-20T21:25:29.466Z] > [functions] package.json contents: {
  "name": "functions",
  "description": "Cloud Functions for Firebase",
  "scripts": {
    "lint": "eslint .",
    "serve": "firebase serve --only functions",
    "shell": "firebase functions:shell",
    "start": "npm run shell",
    "deploy": "firebase deploy --only functions",
    "logs": "firebase functions:log"
  },
  "dependencies": {
    "body-parser": "^1.18.3",
    "cors": "^2.8.4",
    "express": "^4.16.4",
    "firebase-admin": "~6.0.0",
    "firebase-functions": "^2.0.3"
  },
  "devDependencies": {
    "eslint": "^4.12.0",
    "eslint-plugin-promise": "^3.6.0"
  },
  "private": true
}
[info] i  functions: ensuring necessary APIs are enabled...
[debug] [2018-10-20T21:25:29.467Z] >>> HTTP REQUEST GET https://servicemanagement.googleapis.com/v1/services/cloudfunctions.googleapis.com/projectSettings/hackathon-692e4?view=CONSUMER_VIEW  
 
[debug] [2018-10-20T21:25:29.468Z] >>> HTTP REQUEST GET https://servicemanagement.googleapis.com/v1/services/runtimeconfig.googleapis.com/projectSettings/hackathon-692e4?view=CONSUMER_VIEW  
 
